[2025-11-25 19:33:55] INFO - Starting ProdigyFlow main (log level=INFO)
[2025-11-25 19:33:55] INFO - Step 1/5 — Loading raw dataset
[2025-11-25 19:34:00] INFO - Loaded dataset rows=497 cols=8
[2025-11-25 19:34:00] INFO - Step 2/5 — Generating cleaning plan (if supported)
[2025-11-25 19:34:00] INFO - No cleaning plan function available; proceeding with default cleaning
[2025-11-25 19:34:00] INFO - Step 3/5 — Cleaning dataset
[2025-11-25 19:34:00] INFO - Saved cleaned dataset to data/cleaned_student_data.csv
[2025-11-25 19:34:00] INFO - Step 4/5 — Running analysis agent
[2025-11-25 19:34:00] INFO - Analysis complete
[2025-11-25 19:34:00] INFO - Step 5/5 — Generating visualizations
[2025-11-25 19:34:00] INFO - No visualization module found; skipping visual generation
[2025-11-25 19:34:00] INFO - Generating HTML report at reports\report.html
[2025-11-25 19:34:00] INFO - HTML report generated: reports\report.html
[2025-11-25 19:34:00] INFO - Pipeline finished successfully in 4.96s
[2025-11-25 19:34:00] INFO - Run completed. Report available at reports/report.html (if generated)
[2025-11-25 19:35:53] INFO - Starting ProdigyFlow main (log level=INFO)
[2025-11-25 19:35:53] INFO - Step 1/5 — Loading raw dataset
[2025-11-25 19:35:54] INFO - Loaded dataset rows=497 cols=8
[2025-11-25 19:35:54] INFO - Step 2/5 — Generating cleaning plan (if supported)
[2025-11-25 19:35:54] INFO - No cleaning plan function available; proceeding with default cleaning
[2025-11-25 19:35:54] INFO - Step 3/5 — Cleaning dataset
[2025-11-25 19:35:54] INFO - Saved cleaned dataset to data/cleaned_student_data.csv
[2025-11-25 19:35:54] INFO - Step 4/5 — Running analysis agent
[2025-11-25 19:35:54] INFO - Analysis complete
[2025-11-25 19:35:54] INFO - Step 5/5 — Generating visualizations
[2025-11-25 19:35:54] INFO - No visualization module found; skipping visual generation
[2025-11-25 19:35:54] INFO - Generating HTML report at reports\report.html
[2025-11-25 19:35:54] INFO - HTML report generated: reports\report.html
[2025-11-25 19:35:54] INFO - Pipeline finished successfully in 0.85s
[2025-11-25 19:35:54] INFO - Run completed. Report available at reports/report.html (if generated)
